<?xml version="1.0" encoding="UTF-8"?>
<testng-results ignored="0" total="1" passed="1" failed="0" skipped="0">
  <reporter-output>
  </reporter-output>
  <suite started-at="2022-11-23T17:49:41 IST" name="Default suite" finished-at="2022-11-23T17:50:36 IST" duration-ms="55326">
    <groups>
    </groups>
    <test started-at="2022-11-23T17:49:41 IST" name="Default test" finished-at="2022-11-23T17:50:36 IST" duration-ms="55326">
      <class name="org.Flipkart.IccRankings">
        <test-method signature="main()[pri:0, instance:org.Flipkart.IccRankings@741a8937]" started-at="2022-11-23T17:49:41 IST" name="main" finished-at="2022-11-23T17:50:36 IST" duration-ms="55282" status="PASS">
          <reporter-output>
          </reporter-output>
        </test-method> <!-- main -->
      </class> <!-- org.Flipkart.IccRankings -->
    </test> <!-- Default test -->
  </suite> <!-- Default suite -->
</testng-results>
